2021-03-29 00:19:48 [main] INFO  DefinitionArrayService- quantity of positive elements : Array{arr=[-1, -2, -3, 1, 2, 3, 10, -10]},result : 4
2021-03-29 00:19:48 [main] INFO  DefinitionArrayService- sum of elements : Array{arr=[-1, -2, -3, 1, 2, 3, 10, -10]},result : 0
2021-03-29 00:19:48 [main] INFO  DefinitionArrayService- average value elements : Array{arr=[-1, -2, -3, 1, 2, 3, 10, -10]},result : 0.0
2021-03-29 00:19:48 [main] INFO  SearchArrayService- max : Array{arr=[-1, -2, -3, 1, 2, 3, 10, -10]}, result : 10
2021-03-29 00:19:48 [main] INFO  SearchArrayService- min : Array{arr=[-1, -2, -3, 1, 2, 3, 10, -10]}, result : -10
2021-03-29 00:19:48 [main] INFO  ReplacementArrayService- changed array : Array{arr=[57, 57, 57, 1, 2, 3, 10, 57]}
2021-03-29 00:38:47 [main] INFO  DefinitionArrayService- sum of elements : Array{arr=[-1, -2, -3, 1, 2, 3, 10, -10]},result : 0
2021-03-29 00:38:47 [main] INFO  DefinitionArrayService- quantity of negative elements : Array{arr=[-1, -2, -3, 1, 2, 3, 10, -10]},result : 4
2021-03-29 00:38:47 [main] INFO  DefinitionArrayService- quantity of positive elements : Array{arr=[-1, -2, -3, 1, 2, 3, 10, -10]},result : 4
2021-03-29 00:38:47 [main] INFO  DefinitionArrayService- sum of elements : Array{arr=[-1, -2, -3, 1, 2, 3, 10, -10]},result : 0
2021-03-29 00:38:47 [main] INFO  DefinitionArrayService- average value elements : Array{arr=[-1, -2, -3, 1, 2, 3, 10, -10]},result : 0.0
2021-03-29 00:38:47 [main] INFO  SearchArrayService- max : Array{arr=[-1, -2, -3, 1, 2, 3, 10, -10]}, result : 10
2021-03-29 00:38:47 [main] INFO  SearchArrayService- min : Array{arr=[-1, -2, -3, 1, 2, 3, 10, -10]}, result : -10
2021-03-29 00:38:47 [main] INFO  ReplacementArrayService- changed array : Array{arr=[57, 57, 57, 1, 2, 3, 10, 57]}
2021-03-29 00:56:47 [main] INFO  DefinitionArrayService- sum of elements : Array{arr=[-1, -2, -3, 1, 2, 3, 10, -10]},result : 0
2021-03-29 00:56:47 [main] INFO  DefinitionArrayService- quantity of negative elements : Array{arr=[-1, -2, -3, 1, 2, 3, 10, -10]},result : 4
2021-03-29 00:56:47 [main] INFO  DefinitionArrayService- quantity of positive elements : Array{arr=[-1, -2, -3, 1, 2, 3, 10, -10]},result : 4
2021-03-29 00:56:47 [main] INFO  DefinitionArrayService- sum of elements : Array{arr=[-1, -2, -3, 1, 2, 3, 10, -10]},result : 0
2021-03-29 00:56:47 [main] INFO  DefinitionArrayService- average value elements : Array{arr=[-1, -2, -3, 1, 2, 3, 10, -10]},result : 0.0
2021-03-29 00:56:47 [main] INFO  SearchArrayService- max : Array{arr=[-1, -2, -3, 1, 2, 3, 10, -10]}, result : 10
2021-03-29 00:56:47 [main] INFO  SearchArrayService- min : Array{arr=[-1, -2, -3, 1, 2, 3, 10, -10]}, result : -10
2021-03-29 00:56:47 [main] INFO  ReplacementArrayService- changed array : Array{arr=[57, 57, 57, 1, 2, 3, 10, 57]}
2021-03-29 01:08:19 [main] INFO  DefinitionArrayService- quantity of positive elements : Array{arr=[1, 2, 3, 4, 5, -1, -2, -3, -4, -5, 0]},result : 5
2021-03-29 01:18:04 [main] INFO  DefinitionArrayService- quantity of positive elements : Array{arr=[1, 2, 3, 4, 5, -1, -2, -3, -4, -5, 0]},result : 5
2021-03-29 01:18:12 [main] INFO  DefinitionArrayService- sum of elements : Array{arr=[1, 2, 3, 4, 5, -1, -2, -3, -4, -5, 0]},result : 0
2021-03-29 01:18:12 [main] INFO  DefinitionArrayService- average value elements : Array{arr=[1, 2, 3, 4, 5, -1, -2, -3, -4, -5, 0]},result : 0.0
2021-03-29 01:18:20 [main] INFO  DefinitionArrayService- sum of elements : Array{arr=[1, 2, 3, 4, 5, -1, -2, -3, -4, -5, 0]},result : 0
2021-03-29 01:18:28 [main] INFO  DefinitionArrayService- quantity of positive elements : Array{arr=[1, 2, 3, 4, 5, -1, -2, -3, -4, -5, 0]},result : 5
2021-03-29 01:32:44 [main] INFO  ReplacementArrayService- changed array : Array{arr=[1, 2, 3, 4, 5, 14, 14, 14, 14, 14, 0]}
2021-03-29 01:33:32 [main] INFO  ReplacementArrayService- changed array : Array{arr=[1, 2, 3, 4, 5, 14, 14, 14, 14, 14, 0]}
2021-03-29 01:34:42 [main] INFO  ReplacementArrayService- changed array : Array{arr=[1, 2, 3, 4, 5, 14, 14, 14, 14, 14, 0]}
2021-03-29 01:35:46 [main] INFO  ReplacementArrayService- changed array : Array{arr=[14, 14, 14, 14, 14, -1, -2, -3, -4, -5, 0]}
2021-03-29 01:39:19 [main] INFO  SearchArrayService- max : Array{arr=[1, 2, 3, 4, 5, -1, -2, -3, -4, -5, 0]}, result : 5
