2021-04-01 01:04:57 [main] INFO  SearchArrayService- min :  NumberArray{array=[1, 2, 3, 4, 5, -1, -2, -3, -4, -5, 0]}, result : -5
2021-04-01 02:56:21 [main] INFO  zhyuliuk.array.service.impl.ReplacementArrayService- changed array :  NumberArray{array=[0, 0, 0, 0, 0, -1, -2, -3, -4, -5, 0]}
2021-04-01 02:56:21 [main] INFO  zhyuliuk.array.service.impl.ReplacementArrayService- changed array :  NumberArray{array=[1, 2, 3, 4, 5, 0, 0, 0, 0, 0, 0]}
2021-04-01 03:39:47 [main] INFO  zhyuliuk.array.validator.impl.ValidatorOfData- File testRead.txt check: existence and size.
2021-04-01 03:41:34 [main] INFO  zhyuliuk.array.validator.impl.ValidatorOfData- List check.
2021-04-01 04:52:54 [main] INFO  org.zhyuliuk.validator.impl.ValidatorOfData- List check.
2021-04-01 04:53:03 [main] INFO  org.zhyuliuk.validator.impl.ValidatorOfData- List check.
2021-04-01 04:53:03 [main] INFO  org.zhyuliuk.validator.impl.ValidatorOfData- List check.
2021-04-01 15:09:24 [main] INFO  org.zhyuliuk.service.impl.DefinitionArrayService- sum of elements :  NumberArray{array=[1, 2, 3, 4, 5, -1, -2, -3, -4, -5, 0]},result : 0
2021-04-01 15:09:24 [main] INFO  org.zhyuliuk.service.impl.DefinitionArrayService- average value elements :  NumberArray{array=[1, 2, 3, 4, 5, -1, -2, -3, -4, -5, 0]},result : 0.0
2021-04-01 15:11:06 [main] INFO  org.zhyuliuk.service.impl.ReplacementArrayService- changed array :  NumberArray{array=[0, 0, 0, 0, 0, -1, -2, -3, -4, -5, 0]}
2021-04-01 15:11:06 [main] INFO  org.zhyuliuk.service.impl.ReplacementArrayService- changed array :  NumberArray{array=[1, 2, 3, 4, 5, 0, 0, 0, 0, 0, 0]}
2021-04-01 15:11:16 [main] INFO  org.zhyuliuk.service.impl.ReplacementArrayService- changed array :  NumberArray{array=[1, 2, 3, 4, 5, 0, 0, 0, 0, 0, 0]}
2021-04-01 15:33:47 [main] INFO  org.zhyuliuk.service.impl.ReplacementArrayService- changed array :  NumberArray{array=[0, 0, 0, 0, 0, -1, -2, -3, -4, -5, 0]}
2021-04-01 15:33:47 [main] INFO  org.zhyuliuk.service.impl.ReplacementArrayService- changed array :  NumberArray{array=[1, 2, 3, 4, 5, 0, 0, 0, 0, 0, 0]}
2021-04-01 15:35:02 [main] INFO  org.zhyuliuk.service.impl.ReplacementArrayService- changed array :  NumberArray{array=[0, 0, 0, 0, 0, -1, -2, -3, -4, -5, 0]}
2021-04-01 15:35:02 [main] INFO  org.zhyuliuk.service.impl.ReplacementArrayService- changed array :  NumberArray{array=[1, 2, 3, 4, 5, 0, 0, 0, 0, 0, 0]}
2021-04-01 15:38:03 [main] INFO  org.zhyuliuk.service.impl.SearchArrayService- max :  NumberArray{array=[1, 2, 3, 4, 5, -1, -2, -3, -4, -5, 0]}, result : 5 
2021-04-01 15:38:33 [main] INFO  org.zhyuliuk.service.impl.SearchArrayService- max :  NumberArray{array=[1, 2, 3, 4, 5, -1, -2, -3, -4, -5, 0]}, result : 5 
2021-04-01 15:38:33 [main] INFO  org.zhyuliuk.service.impl.SearchArrayService- min :  NumberArray{array=[1, 2, 3, 4, 5, -1, -2, -3, -4, -5, 0]}, result : -5 
2021-04-01 15:45:14 [main] INFO  org.zhyuliuk.validator.impl.ValidatorOfData- File  check: existence and size.
2021-04-01 15:45:59 [main] DEBUG org.zhyuliuk.validator.impl.ValidatorOfData- true
2021-04-01 15:46:17 [main] DEBUG org.zhyuliuk.validator.impl.ValidatorOfData- true
2021-04-01 15:46:33 [main] DEBUG org.zhyuliuk.validator.impl.ValidatorOfData- true
2021-04-01 15:47:01 [main] DEBUG org.zhyuliuk.validator.impl.ValidatorOfData- true
2021-04-01 15:49:14 [main] DEBUG org.zhyuliuk.validator.impl.ValidatorOfData- true
2021-04-01 15:52:21 [main] DEBUG org.zhyuliuk.validator.impl.ValidatorOfData- true
2021-04-01 15:52:38 [main] DEBUG org.zhyuliuk.validator.impl.ValidatorOfData- true
2021-04-01 15:52:43 [main] DEBUG org.zhyuliuk.validator.impl.ValidatorOfData- true
2021-04-01 15:53:24 [main] DEBUG org.zhyuliuk.validator.impl.ValidatorOfData- true
2021-04-01 15:53:52 [main] DEBUG org.zhyuliuk.validator.impl.ValidatorOfData- true
2021-04-01 15:53:52 [main] DEBUG org.zhyuliuk.validator.impl.ValidatorOfData- true
2021-04-01 15:57:04 [main] INFO  org.zhyuliuk.validator.impl.ValidatorOfData- File correctfile check: existence and size.
2021-04-01 16:01:16 [main] INFO  org.zhyuliuk.validator.impl.ValidatorOfData- File a.txt check: existence and size.
2021-04-01 16:19:43 [main] INFO  org.zhyuliuk.validator.impl.ValidatorOfData- List check.
2021-04-01 16:20:50 [main] INFO  org.zhyuliuk.validator.impl.ValidatorOfData- File  check: existence and size.
2021-04-01 16:20:50 [main] INFO  org.zhyuliuk.validator.impl.ValidatorOfData- File correctfile check: existence and size.
2021-04-01 16:20:50 [main] INFO  org.zhyuliuk.validator.impl.ValidatorOfData- FileName is null.
2021-04-01 16:20:50 [main] INFO  org.zhyuliuk.validator.impl.ValidatorOfData- File a.txt check: existence and size.
2021-04-01 16:20:50 [main] INFO  org.zhyuliuk.validator.impl.ValidatorOfData- List check.
2021-04-01 16:20:50 [main] INFO  org.zhyuliuk.validator.impl.ValidatorOfData- List check.
2021-04-01 16:24:38 [main] INFO  org.zhyuliuk.validator.impl.ValidatorOfData- File  check: existence and size.
2021-04-01 16:24:38 [main] INFO  org.zhyuliuk.validator.impl.ValidatorOfData- File correctfile check: existence and size.
2021-04-01 16:24:38 [main] INFO  org.zhyuliuk.validator.impl.ValidatorOfData- FileName is null.
